<?xml version="1.0" encoding="UTF-8"?>
<testsuite name="com.mac.book.springboot.domain.posts.PostsRepositoryTest" tests="2" skipped="0" failures="0" errors="0" timestamp="2021-10-26T17:29:58" hostname="johyeong-uui-MacBook-Pro.local" time="0.05">
  <properties/>
  <testcase name="SaveGet" classname="com.mac.book.springboot.domain.posts.PostsRepositoryTest" time="0.034"/>
  <testcase name="BaseTimeEntityOn" classname="com.mac.book.springboot.domain.posts.PostsRepositoryTest" time="0.015"/>
  <system-out><![CDATA[2021-10-27 02:29:56.402  INFO 33200 --- [    Test worker] .b.t.c.SpringBootTestContextBootstrapper : Neither @ContextConfiguration nor @ContextHierarchy found for test class [com.mac.book.springboot.domain.posts.PostsRepositoryTest], using SpringBootContextLoader
2021-10-27 02:29:56.403  INFO 33200 --- [    Test worker] o.s.t.c.support.AbstractContextLoader    : Could not detect default resource locations for test class [com.mac.book.springboot.domain.posts.PostsRepositoryTest]: no resource found for suffixes {-context.xml, Context.groovy}.
2021-10-27 02:29:56.403  INFO 33200 --- [    Test worker] t.c.s.AnnotationConfigContextLoaderUtils : Could not detect default configuration classes for test class [com.mac.book.springboot.domain.posts.PostsRepositoryTest]: PostsRepositoryTest does not declare any static, non-private, non-final, nested classes annotated with @Configuration.
2021-10-27 02:29:56.432  INFO 33200 --- [    Test worker] .b.t.c.SpringBootTestContextBootstrapper : Found @SpringBootConfiguration com.mac.book.springboot.Application for test class com.mac.book.springboot.domain.posts.PostsRepositoryTest
2021-10-27 02:29:56.470  INFO 33200 --- [    Test worker] .b.t.c.SpringBootTestContextBootstrapper : Loaded default TestExecutionListener class names from location [META-INF/spring.factories]: [org.springframework.security.test.context.support.WithSecurityContextTestExecutionListener, org.springframework.security.test.context.support.ReactorContextTestExecutionListener, org.springframework.boot.test.autoconfigure.restdocs.RestDocsTestExecutionListener, org.springframework.boot.test.autoconfigure.web.client.MockRestServiceServerResetTestExecutionListener, org.springframework.boot.test.autoconfigure.web.servlet.MockMvcPrintOnlyOnFailureTestExecutionListener, org.springframework.boot.test.autoconfigure.web.servlet.WebDriverTestExecutionListener, org.springframework.boot.test.mock.mockito.MockitoTestExecutionListener, org.springframework.boot.test.mock.mockito.ResetMocksTestExecutionListener, org.springframework.test.context.web.ServletTestExecutionListener, org.springframework.test.context.support.DirtiesContextBeforeModesTestExecutionListener, org.springframework.test.context.support.DependencyInjectionTestExecutionListener, org.springframework.test.context.support.DirtiesContextTestExecutionListener, org.springframework.test.context.transaction.TransactionalTestExecutionListener, org.springframework.test.context.jdbc.SqlScriptsTestExecutionListener]
2021-10-27 02:29:56.471  INFO 33200 --- [    Test worker] .b.t.c.SpringBootTestContextBootstrapper : Using TestExecutionListeners: [org.springframework.test.context.web.ServletTestExecutionListener@5a0dc575, org.springframework.test.context.support.DirtiesContextBeforeModesTestExecutionListener@375e8440, org.springframework.boot.test.mock.mockito.MockitoTestExecutionListener@31d6b01d, org.springframework.boot.test.autoconfigure.SpringBootDependencyInjectionTestExecutionListener@36912084, org.springframework.test.context.support.DirtiesContextTestExecutionListener@2836d4e, org.springframework.test.context.transaction.TransactionalTestExecutionListener@413c95da, org.springframework.test.context.jdbc.SqlScriptsTestExecutionListener@45ee83b8, org.springframework.security.test.context.support.WithSecurityContextTestExecutionListener@7ac41e81, org.springframework.security.test.context.support.ReactorContextTestExecutionListener@6334f58a, org.springframework.boot.test.autoconfigure.restdocs.RestDocsTestExecutionListener@46833e73, org.springframework.boot.test.autoconfigure.web.client.MockRestServiceServerResetTestExecutionListener@77419658, org.springframework.boot.test.autoconfigure.web.servlet.MockMvcPrintOnlyOnFailureTestExecutionListener@2dabae27, org.springframework.boot.test.autoconfigure.web.servlet.WebDriverTestExecutionListener@697796bd, org.springframework.boot.test.mock.mockito.ResetMocksTestExecutionListener@36d84d46]

  .   ____          _            __ _ _
 /\\ / ___'_ __ _ _(_)_ __  __ _ \ \ \ \
( ( )\___ | '_ | '_| | '_ \/ _` | \ \ \ \
 \\/  ___)| |_)| | | | | || (_| |  ) ) ) )
  '  |____| .__|_| |_|_| |_\__, | / / / /
 =========|_|==============|___/=/_/_/_/
 :: Spring Boot ::        (v2.1.7.RELEASE)

2021-10-27 02:29:56.526  INFO 33200 --- [    Test worker] c.m.b.s.d.posts.PostsRepositoryTest      : Starting PostsRepositoryTest on johyeong-uui-MacBook-Pro.local with PID 33200 (started by johyungwoo in /Users/johyungwoo/IdeaProjects/make-mac-web)
2021-10-27 02:29:56.526  INFO 33200 --- [    Test worker] c.m.b.s.d.posts.PostsRepositoryTest      : The following profiles are active: oauth
2021-10-27 02:29:56.885  INFO 33200 --- [    Test worker] .s.d.r.c.RepositoryConfigurationDelegate : Bootstrapping Spring Data repositories in DEFAULT mode.
2021-10-27 02:29:56.905  INFO 33200 --- [    Test worker] .s.d.r.c.RepositoryConfigurationDelegate : Finished Spring Data repository scanning in 20ms. Found 2 repository interfaces.
2021-10-27 02:29:57.024  INFO 33200 --- [    Test worker] trationDelegate$BeanPostProcessorChecker : Bean 'org.springframework.transaction.annotation.ProxyTransactionManagementConfiguration' of type [org.springframework.transaction.annotation.ProxyTransactionManagementConfiguration$$EnhancerBySpringCGLIB$$57ccd8e8] is not eligible for getting processed by all BeanPostProcessors (for example: not eligible for auto-proxying)
2021-10-27 02:29:57.149  INFO 33200 --- [    Test worker] com.zaxxer.hikari.HikariDataSource       : HikariPool-2 - Starting...
2021-10-27 02:29:57.150  INFO 33200 --- [    Test worker] com.zaxxer.hikari.HikariDataSource       : HikariPool-2 - Start completed.
2021-10-27 02:29:57.185  INFO 33200 --- [    Test worker] o.hibernate.jpa.internal.util.LogHelper  : HHH000204: Processing PersistenceUnitInfo [
	name: default
	...]
2021-10-27 02:29:57.196  INFO 33200 --- [    Test worker] org.hibernate.dialect.Dialect            : HHH000400: Using dialect: org.hibernate.dialect.MySQL5InnoDBDialect
Hibernate: drop table if exists posts
Hibernate: drop table if exists user
Hibernate: create table posts (id bigint not null auto_increment, created_date datetime, modified_date datetime, author varchar(255), content TEXT not null, title varchar(500) not null, primary key (id)) engine=InnoDB
Hibernate: create table user (id bigint not null auto_increment, created_date datetime, modified_date datetime, email varchar(255) not null, name varchar(255) not null, picture varchar(255), role varchar(255) not null, primary key (id)) engine=InnoDB
2021-10-27 02:29:57.323  INFO 33200 --- [    Test worker] o.h.t.schema.internal.SchemaCreatorImpl  : HHH000476: Executing import script 'org.hibernate.tool.schema.internal.exec.ScriptSourceInputNonExistentImpl@904fc94'
2021-10-27 02:29:57.323  INFO 33200 --- [    Test worker] j.LocalContainerEntityManagerFactoryBean : Initialized JPA EntityManagerFactory for persistence unit 'default'
2021-10-27 02:29:57.569  INFO 33200 --- [    Test worker] o.h.h.i.QueryTranslatorFactoryInitiator  : HHH000397: Using ASTQueryTranslatorFactory
2021-10-27 02:29:57.795  INFO 33200 --- [    Test worker] o.s.s.web.DefaultSecurityFilterChain     : Creating filter chain: any request, [org.springframework.security.web.context.request.async.WebAsyncManagerIntegrationFilter@d24ab1f, org.springframework.security.web.context.SecurityContextPersistenceFilter@3fd20c76, org.springframework.security.web.header.HeaderWriterFilter@5d9f90fe, org.springframework.security.web.authentication.logout.LogoutFilter@56fa74f2, org.springframework.security.oauth2.client.web.OAuth2AuthorizationRequestRedirectFilter@c7abc75, org.springframework.security.oauth2.client.web.OAuth2LoginAuthenticationFilter@6bfa683f, org.springframework.security.web.authentication.ui.DefaultLoginPageGeneratingFilter@79646614, org.springframework.security.web.authentication.ui.DefaultLogoutPageGeneratingFilter@6c83a749, org.springframework.security.web.savedrequest.RequestCacheAwareFilter@3e5648f0, org.springframework.security.web.servletapi.SecurityContextHolderAwareRequestFilter@1f6f37a4, org.springframework.security.web.authentication.AnonymousAuthenticationFilter@35c337b8, org.springframework.security.web.session.SessionManagementFilter@7392afe2, org.springframework.security.web.access.ExceptionTranslationFilter@2134062a, org.springframework.security.web.access.intercept.FilterSecurityInterceptor@1d5f9329]
2021-10-27 02:29:58.233  INFO 33200 --- [    Test worker] o.s.s.concurrent.ThreadPoolTaskExecutor  : Initializing ExecutorService 'applicationTaskExecutor'
2021-10-27 02:29:58.252  WARN 33200 --- [    Test worker] aWebConfiguration$JpaWebMvcConfiguration : spring.jpa.open-in-view is enabled by default. Therefore, database queries may be performed during view rendering. Explicitly configure spring.jpa.open-in-view to disable this warning
2021-10-27 02:29:58.280  INFO 33200 --- [    Test worker] o.s.b.a.w.s.WelcomePageHandlerMapping    : Adding welcome page template: index
2021-10-27 02:29:58.754  INFO 33200 --- [    Test worker] s.a.ScheduledAnnotationBeanPostProcessor : No TaskScheduler/ScheduledExecutorService bean found for scheduled processing
2021-10-27 02:29:58.757  INFO 33200 --- [    Test worker] c.m.b.s.d.posts.PostsRepositoryTest      : Started PostsRepositoryTest in 2.283 seconds (JVM running for 16.599)
Hibernate: insert into posts (created_date, modified_date, author, content, title) values (?, ?, ?, ?, ?)
Hibernate: select posts0_.id as id1_0_, posts0_.created_date as created_2_0_, posts0_.modified_date as modified3_0_, posts0_.author as author4_0_, posts0_.content as content5_0_, posts0_.title as title6_0_ from posts posts0_
Hibernate: select posts0_.id as id1_0_, posts0_.created_date as created_2_0_, posts0_.modified_date as modified3_0_, posts0_.author as author4_0_, posts0_.content as content5_0_, posts0_.title as title6_0_ from posts posts0_
Hibernate: delete from posts where id=?
Hibernate: insert into posts (created_date, modified_date, author, content, title) values (?, ?, ?, ?, ?)
Hibernate: select posts0_.id as id1_0_, posts0_.created_date as created_2_0_, posts0_.modified_date as modified3_0_, posts0_.author as author4_0_, posts0_.content as content5_0_, posts0_.title as title6_0_ from posts posts0_
>>>>>>>>> createDate=2021-10-27T02:29:58.801, modifieDate=2021-10-27T02:29:58.801
Hibernate: select posts0_.id as id1_0_, posts0_.created_date as created_2_0_, posts0_.modified_date as modified3_0_, posts0_.author as author4_0_, posts0_.content as content5_0_, posts0_.title as title6_0_ from posts posts0_
Hibernate: delete from posts where id=?
]]></system-out>
  <system-err><![CDATA[]]></system-err>
</testsuite>
